# JRE version: OpenJDK Runtime Environment (8.0_242-b01) (build 1.8.0_242-release-1644-b01)
# Java VM: OpenJDK 64-Bit Server VM (25.242-b01 mixed mode windows-amd64 compressed oops)
Heap:
 PSYoungGen      total 375808K, used 209971K [0x00000000d5580000, 0x00000000ee780000, 0x0000000100000000)
  eden space 352768K, 59% used [0x00000000d5580000,0x00000000e228ce08,0x00000000eae00000)
  from space 23040K, 0% used [0x00000000eca80000,0x00000000eca80000,0x00000000ee100000)
  to   space 29184K, 0% used [0x00000000eae00000,0x00000000eae00000,0x00000000eca80000)
 ParOldGen       total 190464K, used 107198K [0x0000000080000000, 0x000000008ba00000, 0x00000000d5580000)
  object space 190464K, 56% used [0x0000000080000000,0x00000000868afb60,0x000000008ba00000)
 Metaspace       used 110055K, capacity 114434K, committed 115352K, reserved 1148928K
  class space    used 14350K, capacity 15250K, committed 15536K, reserved 1048576K
GC Heap History (10 events):
Event: 35.692 GC heap before
{Heap before GC invocations=16 (full 4):
 PSYoungGen      total 375808K, used 23031K [0x00000000d5580000, 0x00000000ee780000, 0x0000000100000000)
  eden space 352768K, 0% used [0x00000000d5580000,0x00000000d5580000,0x00000000eae00000)
  from space 23040K, 99% used [0x00000000eca80000,0x00000000ee0fde80,0x00000000ee100000)
  to   space 29184K, 0% used [0x00000000eae00000,0x00000000eae00000,0x00000000eca80000)
 ParOldGen       total 159232K, used 112062K [0x0000000080000000, 0x0000000089b80000, 0x00000000d5580000)
  object space 159232K, 70% used [0x0000000080000000,0x0000000086d6fbb0,0x0000000089b80000)
 Metaspace       used 95018K, capacity 98400K, committed 98584K, reserved 1134592K
  class space    used 12588K, capacity 13303K, committed 13360K, reserved 1048576K
Event: 35.970 GC heap after
Heap after GC invocations=16 (full 4):
 PSYoungGen      total 375808K, used 0K [0x00000000d5580000, 0x00000000ee780000, 0x0000000100000000)
  eden space 352768K, 0% used [0x00000000d5580000,0x00000000d5580000,0x00000000eae00000)
  from space 23040K, 0% used [0x00000000eca80000,0x00000000eca80000,0x00000000ee100000)
  to   space 29184K, 0% used [0x00000000eae00000,0x00000000eae00000,0x00000000eca80000)
 ParOldGen       total 159232K, used 102124K [0x0000000080000000, 0x0000000089b80000, 0x00000000d5580000)
  object space 159232K, 64% used [0x0000000080000000,0x00000000863bb370,0x0000000089b80000)
 Metaspace       used 94929K, capacity 98144K, committed 98584K, reserved 1134592K
  class space    used 12560K, capacity 13253K, committed 13360K, reserved 1048576K
}
Event: 37.609 GC heap before
{Heap before GC invocations=17 (full 4):
 PSYoungGen      total 375808K, used 352768K [0x00000000d5580000, 0x00000000ee780000, 0x0000000100000000)
  eden space 352768K, 100% used [0x00000000d5580000,0x00000000eae00000,0x00000000eae00000)
  from space 23040K, 0% used [0x00000000eca80000,0x00000000eca80000,0x00000000ee100000)
  to   space 29184K, 0% used [0x00000000eae00000,0x00000000eae00000,0x00000000eca80000)
 ParOldGen       total 159232K, used 102124K [0x0000000080000000, 0x0000000089b80000, 0x00000000d5580000)
  object space 159232K, 64% used [0x0000000080000000,0x00000000863bb370,0x0000000089b80000)
 Metaspace       used 97056K, capacity 100444K, committed 100760K, reserved 1136640K
  class space    used 12761K, capacity 13457K, committed 13488K, reserved 1048576K
Event: 37.639 GC heap after
Heap after GC invocations=17 (full 4):
 PSYoungGen      total 381952K, used 29182K [0x00000000d5580000, 0x00000000ee780000, 0x0000000100000000)
  eden space 352768K, 0% used [0x00000000d5580000,0x00000000d5580000,0x00000000eae00000)
  from space 29184K, 99% used [0x00000000eae00000,0x00000000eca7f870,0x00000000eca80000)
  to   space 23040K, 0% used [0x00000000eca80000,0x00000000eca80000,0x00000000ee100000)
 ParOldGen       total 159232K, used 108111K [0x0000000080000000, 0x0000000089b80000, 0x00000000d5580000)
  object space 159232K, 67% used [0x0000000080000000,0x0000000086993cf0,0x0000000089b80000)
 Metaspace       used 97056K, capacity 100444K, committed 100760K, reserved 1136640K
  class space    used 12761K, capacity 13457K, committed 13488K, reserved 1048576K
}
Event: 41.536 GC heap before
{Heap before GC invocations=18 (full 4):
 PSYoungGen      total 381952K, used 381786K [0x00000000d5580000, 0x00000000ee780000, 0x0000000100000000)
  eden space 352768K, 99% used [0x00000000d5580000,0x00000000eadd7198,0x00000000eae00000)
  from space 29184K, 99% used [0x00000000eae00000,0x00000000eca7f870,0x00000000eca80000)
  to   space 23040K, 0% used [0x00000000eca80000,0x00000000eca80000,0x00000000ee100000)
 ParOldGen       total 159232K, used 108111K [0x0000000080000000, 0x0000000089b80000, 0x00000000d5580000)
  object space 159232K, 67% used [0x0000000080000000,0x0000000086993cf0,0x0000000089b80000)
 Metaspace       used 106249K, capacity 111110K, committed 111256K, reserved 1144832K
  class space    used 14209K, capacity 15204K, committed 15280K, reserved 1048576K
Event: 41.694 GC heap after
Heap after GC invocations=18 (full 4):
 PSYoungGen      total 375808K, used 23010K [0x00000000d5580000, 0x00000000ee780000, 0x0000000100000000)
  eden space 352768K, 0% used [0x00000000d5580000,0x00000000d5580000,0x00000000eae00000)
  from space 23040K, 99% used [0x00000000eca80000,0x00000000ee0f8830,0x00000000ee100000)
  to   space 29184K, 0% used [0x00000000eae00000,0x00000000eae00000,0x00000000eca80000)
 ParOldGen       total 190464K, used 190276K [0x0000000080000000, 0x000000008ba00000, 0x00000000d5580000)
  object space 190464K, 99% used [0x0000000080000000,0x000000008b9d1300,0x000000008ba00000)
 Metaspace       used 106249K, capacity 111110K, committed 111256K, reserved 1144832K
  class space    used 14209K, capacity 15204K, committed 15280K, reserved 1048576K
}
Event: 41.694 GC heap before
{Heap before GC invocations=19 (full 5):
 PSYoungGen      total 375808K, used 23010K [0x00000000d5580000, 0x00000000ee780000, 0x0000000100000000)
  eden space 352768K, 0% used [0x00000000d5580000,0x00000000d5580000,0x00000000eae00000)
  from space 23040K, 99% used [0x00000000eca80000,0x00000000ee0f8830,0x00000000ee100000)
  to   space 29184K, 0% used [0x00000000eae00000,0x00000000eae00000,0x00000000eca80000)
 ParOldGen       total 190464K, used 190276K [0x0000000080000000, 0x000000008ba00000, 0x00000000d5580000)
  object space 190464K, 99% used [0x0000000080000000,0x000000008b9d1300,0x000000008ba00000)
 Metaspace       used 106249K, capacity 111110K, committed 111256K, reserved 1144832K
  class space    used 14209K, capacity 15204K, committed 15280K, reserved 1048576K
Event: 43.101 GC heap after
Heap after GC invocations=19 (full 5):
 PSYoungGen      total 375808K, used 0K [0x00000000d5580000, 0x00000000ee780000, 0x0000000100000000)
  eden space 352768K, 0% used [0x00000000d5580000,0x00000000d5580000,0x00000000eae00000)
  from space 23040K, 0% used [0x00000000eca80000,0x00000000eca80000,0x00000000ee100000)
  to   space 29184K, 0% used [0x00000000eae00000,0x00000000eae00000,0x00000000eca80000)
 ParOldGen       total 190464K, used 157683K [0x0000000080000000, 0x000000008ba00000, 0x00000000d5580000)
  object space 190464K, 82% used [0x0000000080000000,0x00000000899fcc38,0x000000008ba00000)
 Metaspace       used 105819K, capacity 110048K, committed 111256K, reserved 1144832K
  class space    used 14057K, capacity 14931K, committed 15280K, reserved 1048576K
}
Event: 75.615 GC heap before
{Heap before GC invocations=20 (full 6):
 PSYoungGen      total 375808K, used 352768K [0x00000000d5580000, 0x00000000ee780000, 0x0000000100000000)
  eden space 352768K, 100% used [0x00000000d5580000,0x00000000eae00000,0x00000000eae00000)
  from space 23040K, 0% used [0x00000000eca80000,0x00000000eca80000,0x00000000ee100000)
  to   space 29184K, 0% used [0x00000000eae00000,0x00000000eae00000,0x00000000eca80000)
 ParOldGen       total 190464K, used 157683K [0x0000000080000000, 0x000000008ba00000, 0x00000000d5580000)
  object space 190464K, 82% used [0x0000000080000000,0x00000000899fcc38,0x000000008ba00000)
 Metaspace       used 110040K, capacity 114434K, committed 115352K, reserved 1148928K
  class space    used 14350K, capacity 15250K, committed 15536K, reserved 1048576K
Event: 75.867 GC heap after
Heap after GC invocations=20 (full 6):
 PSYoungGen      total 375808K, used 0K [0x00000000d5580000, 0x00000000ee780000, 0x0000000100000000)
  eden space 352768K, 0% used [0x00000000d5580000,0x00000000d5580000,0x00000000eae00000)
  from space 23040K, 0% used [0x00000000eca80000,0x00000000eca80000,0x00000000ee100000)
  to   space 29184K, 0% used [0x00000000eae00000,0x00000000eae00000,0x00000000eca80000)
 ParOldGen       total 190464K, used 107198K [0x0000000080000000, 0x000000008ba00000, 0x00000000d5580000)
  object space 190464K, 56% used [0x0000000080000000,0x00000000868afb60,0x000000008ba00000)
 Metaspace       used 110040K, capacity 114434K, committed 115352K, reserved 1148928K
  class space    used 14350K, capacity 15250K, committed 15536K, reserved 1048576K
}

